*** Starting uWSGI 2.0.19.1 (64bit) on [Wed Feb 24 01:39:31 2021] ***
compiled with version: 8.3.1 20191121 (Red Hat 8.3.1-5) on 24 February 2021 05:41:22
os: Linux-4.18.0-80.7.1.el8_0.x86_64 #1 SMP Sat Aug 3 15:14:00 UTC 2019
nodename: racknerd-6796fb
machine: x86_64
clock source: unix
pcre jit disabled
detected number of CPU cores: 1
current working directory: /www/wwwroot/djangoproject
detected binary path: /www/wwwroot/djangoproject/top_venv/bin/uwsgi
uWSGI running as root, you can use --uid/--gid/--chroot options
*** WARNING: you are running uWSGI as root !!! (use the --uid flag) *** 
chdir() to /www/wwwroot/djangoproject
*** WARNING: you are running uWSGI without its master process manager ***
your processes number limit is 1807
your memory page size is 4096 bytes
detected max file descriptor number: 1024
lock engine: pthread robust mutexes
thunder lock: disabled (you can enable it with --thunder-lock)
probably another instance of uWSGI is running on the same address (127.0.0.1:8008).
bind(): Address already in use [core/socket.c line 769]
